	<object-stream>
	<org.drools.core.audit.WorkingMemoryLog>
	  <version>6.1</version>
	  <events>
	    <org.drools.core.audit.event.ObjectLogEvent>
	      <type>1</type>
	      <factId>1</factId>
	      <objectToString>Justin</objectToString>
	    </org.drools.core.audit.event.ObjectLogEvent>
	    <org.drools.core.audit.event.ActivationLogEvent>
	      <type>4</type>
	      <activationId>InsertOtherFacts [1]</activationId>
	      <rule>InsertOtherFacts</rule>
	      <declarations>$o=Justin(1)</declarations>
	      <factHandleIds>1</factHandleIds>
	    </org.drools.core.audit.event.ActivationLogEvent>
	    <org.drools.core.audit.event.ActivationLogEvent>
	      <type>6</type>
	      <activationId>InsertOtherFacts [1]</activationId>
	      <rule>InsertOtherFacts</rule>
	      <declarations>$o=Justin(1)</declarations>
	      <factHandleIds>1</factHandleIds>
	    </org.drools.core.audit.event.ActivationLogEvent>
	    <org.drools.core.audit.event.ActivationLogEvent>
	      <type>7</type>
	      <activationId>InsertOtherFacts [1]</activationId>
	      <rule>InsertOtherFacts</rule>
	      <declarations>$o=Justin(1)</declarations>
	      <factHandleIds>1</factHandleIds>
	    </org.drools.core.audit.event.ActivationLogEvent>
	    <org.drools.core.audit.event.ActivationLogEvent>
	      <type>4</type>
	      <activationId>InsertFacts [1]</activationId>
	      <rule>InsertFacts</rule>
	      <declarations>$o=Justin(1)</declarations>
	      <factHandleIds>1</factHandleIds>
	    </org.drools.core.audit.event.ActivationLogEvent>
	    <org.drools.core.audit.event.ActivationLogEvent>
	      <type>6</type>
	      <activationId>InsertFacts [1]</activationId>
	      <rule>InsertFacts</rule>
	      <declarations>$o=Justin(1)</declarations>
	      <factHandleIds>1</factHandleIds>
	    </org.drools.core.audit.event.ActivationLogEvent>
	    <org.drools.core.audit.event.ActivationLogEvent>
	      <type>7</type>
	      <activationId>InsertFacts [1]</activationId>
	      <rule>InsertFacts</rule>
	      <declarations>$o=Justin(1)</declarations>
	      <factHandleIds>1</factHandleIds>
	    </org.drools.core.audit.event.ActivationLogEvent>
	  </events>
	  <engine>PHREAK</engine>
	</org.drools.core.audit.WorkingMemoryLog>
	</object-stream>
